<?xml version="1.0" encoding="UTF-8"?>
<testng-results skipped="0" failed="0" ignored="0" total="1" passed="1">
  <reporter-output>
  </reporter-output>
  <suite name="Default suite" duration-ms="16180" started-at="2020-02-13T18:18:22Z" finished-at="2020-02-13T18:18:38Z">
    <groups>
    </groups>
    <test name="Default test" duration-ms="16180" started-at="2020-02-13T18:18:22Z" finished-at="2020-02-13T18:18:38Z">
      <class name="homework.HomeWork_Five">
        <test-method status="PASS" signature="launchBrowser()[pri:0, instance:homework.HomeWork_Five@66a3ffec]" name="launchBrowser" is-config="true" duration-ms="4093" started-at="2020-02-13T12:18:22Z" finished-at="2020-02-13T12:18:26Z">
          <reporter-output>
          </reporter-output>
        </test-method> <!-- launchBrowser -->
        <test-method status="PASS" signature="userShouldBeAbleToAddDeposite()[pri:0, instance:homework.HomeWork_Five@66a3ffec]" name="userShouldBeAbleToAddDeposite" duration-ms="12065" started-at="2020-02-13T12:18:26Z" finished-at="2020-02-13T12:18:38Z">
          <reporter-output>
          </reporter-output>
        </test-method> <!-- userShouldBeAbleToAddDeposite -->
      </class> <!-- homework.HomeWork_Five -->
    </test> <!-- Default test -->
  </suite> <!-- Default suite -->
</testng-results>
